<?xml version="1.0" encoding="UTF-8"?>
<!-- Generated by org.testng.reporters.JUnitReportReporter -->
<testsuite skipped="3" hostname="CDC2-D-CGSRXJ2" name="testng.Login" tests="3" failures="0" timestamp="2019-09-17T12:05:42 IST" time="0.007" errors="0">
  <testcase name="testlogin" time="0.007" classname="testng.Login">
    <skipped/>
  </testcase> <!-- testlogin -->
  <testcase name="password" time="0.000" classname="testng.Login">
    <skipped/>
  </testcase> <!-- password -->
  <testcase name="logout" time="0.000" classname="testng.Login">
    <skipped/>
  </testcase> <!-- logout -->
</testsuite> <!-- testng.Login -->
